-------------------------------------------------------------------------------
Test set: com.trendyol.hotel.HotelApplicationTests
-------------------------------------------------------------------------------
Tests run: 1, Failures: 0, Errors: 1, Skipped: 0, Time elapsed: 6.99 s <<< FAILURE! - in com.trendyol.hotel.HotelApplicationTests
contextLoads  Time elapsed: 0.001 s  <<< ERROR!
java.lang.IllegalStateException: Failed to load ApplicationContext
Caused by: org.springframework.beans.factory.UnsatisfiedDependencyException: Error creating bean with name 'couchbaseIndexConfiguration' defined in file [/Users/meltem/Documents/Projects/Trendyol Bootcamp/hotel-booking/microservices/hotel/target/classes/com/trendyol/hotel/config/CouchbaseIndexConfiguration.class]: Unsatisfied dependency expressed through constructor parameter 0; nested exception is org.springframework.beans.factory.NoSuchBeanDefinitionException: No qualifying bean of type 'com.couchbase.client.java.Cluster' available: expected at least 1 bean which qualifies as autowire candidate. Dependency annotations: {}
Caused by: org.springframework.beans.factory.NoSuchBeanDefinitionException: No qualifying bean of type 'com.couchbase.client.java.Cluster' available: expected at least 1 bean which qualifies as autowire candidate. Dependency annotations: {}

